<?xml version="1.0" encoding="utf-8" standalone="no"?>
<!--This file represents the results of running a test suite-->
<test-results name="C:\Users\Luigi\Documents\GitHub\sharpuv\SharpUV.NUnit\SharpUV.NUnit.csproj" total="2" errors="1" failures="0" not-run="0" inconclusive="0" ignored="0" skipped="0" invalid="0" date="2015-06-27" time="17:35:06">
  <environment nunit-version="2.6.4.14350" clr-version="2.0.50727.8009" os-version="Microsoft Windows NT 6.2.9200.0" platform="Win32NT" cwd="C:\Users\Luigi\Documents\GitHub\sharpuv\SharpUV.NUnit" machine-name="GIGI-VAIO" user="Luigi" user-domain="GIGI-VAIO" />
  <culture-info current-culture="en-GB" current-uiculture="en-US" />
  <test-suite type="Project" name="C:\Users\Luigi\Documents\GitHub\sharpuv\SharpUV.NUnit\SharpUV.NUnit.csproj" executed="True" result="Failure" success="False" time="0.139" asserts="0">
    <results>
      <test-suite type="Assembly" name="C:\Users\Luigi\Documents\GitHub\sharpuv\SharpUV.NUnit\bin\Debug\SharpUV.NUnit.dll" executed="True" result="Failure" success="False" time="0.133" asserts="0">
        <results>
          <test-suite type="Namespace" name="SharpUV" executed="True" result="Failure" success="False" time="0.132" asserts="0">
            <results>
              <test-suite type="Namespace" name="NUnit" executed="True" result="Failure" success="False" time="0.132" asserts="0">
                <results>
                  <test-suite type="TestFixture" name="FileTests" executed="True" result="Failure" success="False" time="0.055" asserts="0">
                    <results>
                      <test-case name="SharpUV.NUnit.FileTests.CreateFileAndWriteToIt" executed="True" result="Error" success="False" time="0.049" asserts="0">
                        <failure>
                          <message><![CDATA[System.AccessViolationException : Attempted to read or write protected memory. This is often an indication that other memory is corrupt.]]></message>
                          <stack-trace><![CDATA[at Libuv.Uvi.uv_run(IntPtr loop, uv_run_mode uv_run_mode)
at SharpUV.Loop.Run() in c:\Users\Luigi\Documents\GitHub\sharpuv\SharpUV\Loop.cs:line 62
at SharpUV.NUnit.FileTests.CreateFileAndWriteToIt() in c:\Users\Luigi\Documents\GitHub\sharpuv\SharpUV.NUnit\FileTests.cs:line 27
]]></stack-trace>
                        </failure>
                      </test-case>
                    </results>
                  </test-suite>
                  <test-suite type="TestFixture" name="TcpClientTests" executed="True" result="Success" success="True" time="0.072" asserts="0">
                    <results>
                      <test-case name="SharpUV.NUnit.TcpClientTests.GetGoogle" executed="True" result="Success" success="True" time="0.071" asserts="0" />
                    </results>
                  </test-suite>
                </results>
              </test-suite>
            </results>
          </test-suite>
        </results>
      </test-suite>
    </results>
  </test-suite>
</test-results>