<?xml version="1.0" encoding="utf-8" standalone="no"?>
<!--This file represents the results of running a test suite-->
<test-results name="C:\Users\Luigi\Documents\GitHub\sharpuv\SharpUV.NUnit\SharpUV.NUnit.csproj" total="2" errors="0" failures="0" not-run="0" inconclusive="0" ignored="0" skipped="0" invalid="0" date="2015-06-27" time="12:39:30">
  <environment nunit-version="2.6.4.14350" clr-version="2.0.50727.8009" os-version="Microsoft Windows NT 6.2.9200.0" platform="Win32NT" cwd="C:\Users\Luigi\Documents\GitHub\sharpuv\SharpUV.NUnit" machine-name="GIGI-VAIO" user="Luigi" user-domain="GIGI-VAIO" />
  <culture-info current-culture="en-GB" current-uiculture="en-US" />
  <test-suite type="Project" name="C:\Users\Luigi\Documents\GitHub\sharpuv\SharpUV.NUnit\SharpUV.NUnit.csproj" executed="True" result="Success" success="True" time="0.124" asserts="0">
    <results>
      <test-suite type="Assembly" name="C:\Users\Luigi\Documents\GitHub\sharpuv\SharpUV.NUnit\bin\Debug\SharpUV.NUnit.dll" executed="True" result="Success" success="True" time="0.118" asserts="0">
        <results>
          <test-suite type="Namespace" name="SharpUV" executed="True" result="Success" success="True" time="0.117" asserts="0">
            <results>
              <test-suite type="Namespace" name="NUnit" executed="True" result="Success" success="True" time="0.117" asserts="0">
                <results>
                  <test-suite type="TestFixture" name="FileTests" executed="True" result="Success" success="True" time="0.040" asserts="0">
                    <results>
                      <test-case name="SharpUV.NUnit.FileTests.OpenFile" executed="True" result="Success" success="True" time="0.035" asserts="1" />
                    </results>
                  </test-suite>
                  <test-suite type="TestFixture" name="TcpClientTests" executed="True" result="Success" success="True" time="0.073" asserts="0">
                    <results>
                      <test-case name="SharpUV.NUnit.TcpClientTests.GetGoogle" executed="True" result="Success" success="True" time="0.072" asserts="0" />
                    </results>
                  </test-suite>
                </results>
              </test-suite>
            </results>
          </test-suite>
        </results>
      </test-suite>
    </results>
  </test-suite>
</test-results>